<?xml version="1.0" encoding="UTF-8"?>
<!-- Generated by org.testng.reporters.JUnitXMLReporter -->
<testsuite ignored="0" hostname="RAGHU_18" failures="0" tests="4" name="Surefire test" time="0.048" errors="0" timestamp="2026-04-29T18:37:30 IST">
  <testcase classname="pac1.ContactTest" name="createContactTest" time="0.005"/>
  <testcase classname="pac1.ContactTest" name="modifyContactTest" time="0.001"/>
  <testcase classname="pac2.OrgTest" name="createOrgTest" time="0.0"/>
  <testcase classname="pac2.OrgTest" name="modifyOrgTest" time="0.002"/>
</testsuite> <!-- Surefire test -->
